timestamp: 2015-04-28T14:55:51.941770
CREATE TABLE auth_user(
    id INTEGER PRIMARY KEY AUTOINCREMENT,
    first_name CHAR(128),
    last_name CHAR(128),
    email CHAR(512),
    password CHAR(512),
    registration_key CHAR(512),
    reset_password_key CHAR(512),
    registration_id CHAR(512)
);
success!
timestamp: 2015-04-28T14:55:52.115830
CREATE TABLE auth_group(
    id INTEGER PRIMARY KEY AUTOINCREMENT,
    role CHAR(512),
    description TEXT
);
success!
timestamp: 2015-04-28T14:55:52.189358
CREATE TABLE auth_membership(
    id INTEGER PRIMARY KEY AUTOINCREMENT,
    user_id INTEGER REFERENCES auth_user (id) ON DELETE CASCADE,
    group_id INTEGER REFERENCES auth_group (id) ON DELETE CASCADE
);
success!
timestamp: 2015-04-28T14:55:52.264598
CREATE TABLE auth_permission(
    id INTEGER PRIMARY KEY AUTOINCREMENT,
    group_id INTEGER REFERENCES auth_group (id) ON DELETE CASCADE,
    name CHAR(512),
    table_name CHAR(512),
    record_id INTEGER
);
success!
timestamp: 2015-04-28T14:55:52.338108
CREATE TABLE auth_event(
    id INTEGER PRIMARY KEY AUTOINCREMENT,
    time_stamp TIMESTAMP,
    client_ip CHAR(512),
    user_id INTEGER REFERENCES auth_user (id) ON DELETE CASCADE,
    origin CHAR(512),
    description TEXT
);
success!
timestamp: 2015-04-28T14:55:52.412936
CREATE TABLE auth_cas(
    id INTEGER PRIMARY KEY AUTOINCREMENT,
    user_id INTEGER REFERENCES auth_user (id) ON DELETE CASCADE,
    created_on TIMESTAMP,
    service CHAR(512),
    ticket CHAR(512),
    renew CHAR(1)
);
success!
timestamp: 2015-04-28T14:55:52.491165
CREATE TABLE t_onix_additionals(
    id INTEGER PRIMARY KEY AUTOINCREMENT,
    f_verlagsverkehrsnummer INTEGER,
    f_zusatz_isbn_ean CHAR(512) NOT NULL,
    f_verlags_bestell_nr CHAR(512),
    f_medienbeilage CHAR(512),
    f_belletristik CHAR(512),
    f_weitere_angaben CHAR(512),
    f_produktionsjahr CHAR(512),
    f_zusatzinformationen CHAR(512),
    f_teilband CHAR(512),
    f_auflage CHAR(512) NOT NULL,
    f_laufzeit_in_minuten CHAR(512),
    f_umfang CHAR(512) NOT NULL,
    f_abbildungen CHAR(512),
    f_verpackungs_angaben_in_mm CHAR(512),
    f_fsk_or_usk_angabe CHAR(512) NOT NULL,
    f_altersempfehlung_requierd CHAR(512),
    f_warnhinweis CHAR(512) NOT NULL,
    f_warengruppe_lt_vlb CHAR(512),
    f_auslieferungstermin CHAR(512) NOT NULL,
    f_ladenpreis_euro_de DOUBLE NOT NULL,
    f_ladenpreis_euro_at DOUBLE NOT NULL,
    f_mwst DOUBLE NOT NULL,
    f_vorbestelldatum DATE,
    f_vorbestellpreis_euro_de DOUBLE NOT NULL,
    f_vorbestellpreis_euro_at DOUBLE NOT NULL,
    f_vorbestellpreis_euro_sfr DOUBLE NOT NULL,
    f_zolltarifnummer_verzeihnis CHAR(512) NOT NULL,
    f_warennummer_ztn CHAR(512) NOT NULL,
    f_ursprungsland CHAR(512) NOT NULL,
    f_cover_image CHAR(512),
    f_klassifizierung_hochschulschriften CHAR(512) NOT NULL,
    f_mehrbaendiger_werke CHAR(512) NOT NULL,
    f_issn CHAR(512) NOT NULL
);
success!
timestamp: 2015-04-28T14:55:52.574898
CREATE TABLE t_onix_additionals_archive(
    id INTEGER PRIMARY KEY AUTOINCREMENT,
    f_verlagsverkehrsnummer INTEGER,
    f_zusatz_isbn_ean CHAR(512) NOT NULL,
    f_verlags_bestell_nr CHAR(512),
    f_medienbeilage CHAR(512),
    f_belletristik CHAR(512),
    f_weitere_angaben CHAR(512),
    f_produktionsjahr CHAR(512),
    f_zusatzinformationen CHAR(512),
    f_teilband CHAR(512),
    f_auflage CHAR(512) NOT NULL,
    f_laufzeit_in_minuten CHAR(512),
    f_umfang CHAR(512) NOT NULL,
    f_abbildungen CHAR(512),
    f_verpackungs_angaben_in_mm CHAR(512),
    f_fsk_or_usk_angabe CHAR(512) NOT NULL,
    f_altersempfehlung_requierd CHAR(512),
    f_warnhinweis CHAR(512) NOT NULL,
    f_warengruppe_lt_vlb CHAR(512),
    f_auslieferungstermin CHAR(512) NOT NULL,
    f_ladenpreis_euro_de DOUBLE NOT NULL,
    f_ladenpreis_euro_at DOUBLE NOT NULL,
    f_mwst DOUBLE NOT NULL,
    f_vorbestelldatum DATE,
    f_vorbestellpreis_euro_de DOUBLE NOT NULL,
    f_vorbestellpreis_euro_at DOUBLE NOT NULL,
    f_vorbestellpreis_euro_sfr DOUBLE NOT NULL,
    f_zolltarifnummer_verzeihnis CHAR(512) NOT NULL,
    f_warennummer_ztn CHAR(512) NOT NULL,
    f_ursprungsland CHAR(512) NOT NULL,
    f_cover_image CHAR(512),
    f_klassifizierung_hochschulschriften CHAR(512) NOT NULL,
    f_mehrbaendiger_werke CHAR(512) NOT NULL,
    f_issn CHAR(512) NOT NULL,
    current_record INTEGER REFERENCES t_onix_additionals (id) ON DELETE CASCADE
);
success!
timestamp: 2015-04-28T15:29:31.353651
ALTER TABLE t_onix_additionals ADD f_altersempfehlung CHAR(512) NOT NULL;
timestamp: 2015-04-28T15:29:50.816592
ALTER TABLE t_onix_additionals ADD f_altersempfehlung CHAR(512) NOT NULL;
timestamp: 2015-04-28T15:29:59.394356
ALTER TABLE t_onix_additionals ADD f_altersempfehlung CHAR(512) NOT NULL;
timestamp: 2015-04-28T15:30:51.042889
ALTER TABLE t_onix_additionals ADD f_altersempfehlung CHAR(512) NOT NULL;
timestamp: 2015-04-28T15:31:50.863454
ALTER TABLE t_onix_additionals ADD f_altersempfehlung CHAR(512) NOT NULL;
timestamp: 2015-04-28T15:31:56.100537
ALTER TABLE t_onix_additionals ADD f_altersempfehlung CHAR(512) NOT NULL;
timestamp: 2015-04-28T15:32:50.755170
ALTER TABLE t_onix_additionals ADD f_altersempfehlung CHAR(512);
success!
timestamp: 2015-04-28T15:32:51.062643
ALTER TABLE t_onix_additionals_archive ADD f_altersempfehlung CHAR(512);
success!
success!
success!
success!
success!
success!
success!
success!
success!
success!
success!
success!
success!
success!
success!
success!
success!
success!
success!
success!
success!
success!
success!
success!
success!
success!
success!
success!
success!
success!
success!
success!
success!
success!
success!
success!
success!
success!
success!
success!
success!
success!
success!
success!
success!
success!
success!
success!
success!
success!
success!
success!
success!
success!
success!
success!
success!
success!
success!
success!
success!
success!
success!
success!
success!
success!
success!
success!
success!
success!
success!
success!
success!
success!
success!
success!
success!
success!
success!
success!
success!
success!
success!
success!
success!
success!
success!
success!
success!
success!
success!
success!
success!
success!
success!
success!
success!
success!
success!
success!
success!
success!
success!
success!
success!
success!
success!
success!
success!
success!
success!
success!
success!
success!
success!
success!
success!
success!
success!
success!
success!
success!
success!
success!
success!
success!
success!
success!
success!
success!
success!
success!
success!
success!
success!
success!
success!
success!
success!
success!
success!
success!
success!
success!
success!
success!
success!
success!
success!
success!
success!
success!
success!
success!
success!
success!
success!
success!
success!
success!
success!
success!
success!
success!
success!
success!
success!
success!
success!
success!
success!
success!
success!
success!
success!
success!
success!
success!
success!
success!
success!
success!
success!
success!
success!
success!
success!
success!
success!
success!
success!
success!
success!
success!
success!
success!
success!
success!
success!
success!
success!
success!
success!
success!
success!
success!
success!
success!
success!
success!
success!
success!
success!
success!
success!
success!
success!
success!
success!
success!
success!
success!
success!
success!
success!
success!
success!
success!
success!
success!
success!
success!
success!
success!
success!
success!
success!
success!
success!
success!
success!
success!
success!
success!
success!
success!
success!
success!
success!
success!
success!
success!
success!
success!
success!
success!
success!
success!
success!
success!
success!
success!
success!
success!
success!
success!
success!
success!
success!
success!
success!
success!
success!
success!
success!
success!
success!
success!
success!
success!
success!
success!
success!
success!
success!
success!
success!
success!
success!
success!
success!
success!
success!
success!
success!
success!
success!
success!
success!
success!
success!
success!
success!
success!
success!
success!
success!
success!
success!
success!
success!
success!
success!
success!
success!
success!
success!
success!
success!
success!
success!
success!
success!
success!
success!
success!
success!
success!
success!
success!
success!
success!
success!
success!
success!
success!
success!
success!
success!
success!
success!
success!
success!
success!
success!
success!
success!
success!
success!
success!
success!
success!
success!
success!
success!
success!
success!
success!
success!
success!
success!
success!
success!
success!
success!
success!
success!
success!
success!
success!
success!
success!
success!
success!
success!
success!
success!
success!
success!
success!
success!
success!
success!
success!
success!
success!
success!
success!
success!
success!
success!
success!
success!
success!
success!
success!
success!
success!
success!
success!
success!
success!
success!
success!
success!
success!
success!
success!
success!
success!
success!
success!
success!
success!
success!
success!
success!
success!
success!
success!
success!
success!
success!
success!
success!
success!
success!
success!
success!
success!
success!
success!
success!
success!
success!
success!
success!
success!
success!
success!
success!
success!
success!
success!
success!
success!
success!
success!
success!
success!
success!
success!
success!
success!
success!
success!
success!
success!
success!
success!
success!
success!
success!
success!
success!
success!
success!
success!
success!
success!
success!
success!
success!
success!
success!
success!
success!
success!
success!
success!
success!
success!
success!
success!
success!
success!
success!
success!
success!
success!
success!
success!
success!
success!
success!
success!
success!
success!
success!
success!
success!
success!
success!
success!
success!
success!
success!
success!
success!
success!
success!
success!
success!
success!
success!
success!
success!
success!
success!
success!
success!
success!
success!
success!
success!
success!
success!
success!
success!
success!
success!
success!
success!
success!
success!
success!
success!
success!
success!
success!
success!
success!
success!
success!
success!
success!
success!
success!
success!
success!
success!
success!
success!
success!
success!
success!
success!
success!
success!
success!
success!
success!
success!
success!
success!
success!
success!
success!
success!
success!
success!
success!
success!
success!
success!
success!
success!
success!
success!
success!
success!
success!
success!
success!
success!
success!
success!
success!
success!
success!
success!
success!
success!
success!
success!
success!
success!
success!
success!
success!
success!
success!
success!
success!
success!
success!
success!
success!
success!
success!
success!
success!
success!
success!
success!
success!
success!
success!
success!
success!
success!
success!
success!
success!
success!
success!
success!
success!
success!
success!
success!
success!
success!
success!
success!
success!
success!
success!
success!
success!
success!
success!
success!
success!
success!
success!
success!
success!
success!
success!
success!
success!
success!
success!
success!
success!
success!
success!
success!
success!
success!
success!
success!
success!
success!
success!
success!
success!
success!
success!
success!
success!
success!
success!
success!
success!
success!
success!
success!
success!
success!
success!
success!
success!
success!
success!
success!
success!
success!
success!
success!
success!
success!
success!
success!
success!
success!
success!
success!
success!
success!
success!
success!
success!
success!
success!
success!
success!
success!
success!
success!
success!
success!
success!
success!
success!
success!
success!
success!
success!
success!
success!
success!
success!
success!
success!
success!
success!
success!
success!
success!
success!
success!
success!
success!
success!
success!
success!
success!
success!
success!
success!
success!
success!
success!
success!
success!
success!
success!
success!
success!
success!
success!
success!
success!
success!
success!
success!
success!
success!
success!
success!
success!
success!
success!
success!
success!
success!
success!
success!
success!
success!
success!
success!
success!
success!
success!
success!
success!
success!
success!
success!
success!
success!
success!
success!
success!
success!
success!
success!
success!
success!
success!
success!
success!
success!
success!
success!
success!
success!
success!
success!
success!
success!
success!
success!
success!
success!
success!
success!
success!
success!
success!
success!
success!
success!
success!
success!
success!
success!
success!
success!
success!
success!
success!
success!
success!
success!
success!
success!
success!
success!
success!
success!
success!
success!
success!
success!
success!
success!
success!
success!
success!
success!
success!
success!
success!
success!
success!
success!
success!
success!
success!
success!
success!
success!
success!
success!
success!
success!
success!
success!
success!
success!
success!
success!
success!
success!
success!
success!
success!
success!
success!
success!
success!
success!
success!
success!
success!
success!
success!
success!
success!
success!
success!
success!
success!
success!
success!
success!
success!
success!
success!
success!
success!
success!
success!
success!
success!
success!
success!
success!
success!
success!
success!
success!
success!
success!
success!
success!
success!
success!
success!
success!
success!
success!
success!
success!
success!
success!
success!
success!
success!
success!
success!
success!
success!
success!
success!
success!
success!
success!
success!
success!
success!
success!
success!
success!
success!
success!
success!
success!
success!
success!
success!
success!
success!
success!
success!
success!
success!
success!
success!
success!
success!
success!
success!
success!
success!
success!
success!
success!
success!
success!
success!
success!
success!
success!
success!
success!
success!
success!
success!
success!
success!
success!
success!
success!
success!
success!
success!
success!
success!
success!
success!
success!
success!
success!
success!
success!
success!
success!
success!
success!
success!
success!
success!
success!
success!
success!
success!
success!
success!
success!
success!
success!
success!
success!
success!
success!
success!
success!
success!
success!
success!
success!
success!
success!
success!
success!
success!
success!
success!
success!
success!
success!
success!
success!
success!
success!
success!
success!
success!
success!
success!
success!
success!
success!
success!
success!
success!
success!
success!
success!
success!
success!
success!
success!
success!
success!
success!
success!
success!
success!
success!
success!
success!
success!
success!
success!
success!
success!
success!
success!
success!
success!
success!
success!
success!
success!
success!
success!
success!
success!
success!
success!
success!
success!
success!
success!
success!
success!
success!
success!
success!
success!
success!
success!
success!
success!
success!
success!
success!
success!
success!
success!
success!
success!
success!
success!
success!
success!
success!
success!
success!
success!
success!
success!
success!
success!
success!
success!
success!
success!
success!
success!
success!
success!
success!
success!
success!
success!
success!
success!
success!
success!
success!
success!
success!
success!
success!
success!
success!
success!
success!
success!
success!
success!
success!
success!
success!
success!
success!
success!
success!
success!
success!
success!
success!
success!
success!
success!
success!
success!
success!
success!
success!
success!
success!
success!
success!
success!
success!
success!
success!
success!
success!
success!
success!
success!
success!
success!
success!
success!
success!
success!
success!
success!
success!
success!
success!
success!
success!
success!
success!
success!
success!
success!
success!
success!
success!
success!
success!
success!
success!
success!
success!
success!
success!
success!
success!
success!
success!
success!
success!
success!
success!
success!
success!
success!
success!
success!
success!
success!
success!
success!
success!
success!
success!
success!
success!
success!
success!
success!
success!
success!
success!
success!
success!
success!
success!
success!
success!
success!
success!
success!
success!
success!
success!
success!
success!
success!
success!
success!
success!
success!
success!
success!
success!
success!
success!
success!
success!
success!
success!
success!
success!
success!
success!
success!
timestamp: 2015-04-29T09:34:15.218192
ALTER TABLE t_onix_additionals ADD f_book_id INTEGER;
success!
success!
success!
success!
success!
success!
success!
success!
success!
success!
success!
success!
success!
success!
success!
success!
success!
success!
success!
success!
success!
success!
success!
success!
success!
success!
success!
success!
success!
success!
success!
success!
success!
success!
success!
success!
success!
success!
success!
timestamp: 2015-04-29T09:44:26.547714
CREATE TABLE auth_user(
    id INT AUTO_INCREMENT NOT NULL,
    first_name VARCHAR(128),
    last_name VARCHAR(128),
    email VARCHAR(512),
    password VARCHAR(512),
    registration_key VARCHAR(512),
    reset_password_key VARCHAR(512),
    registration_id VARCHAR(512),
    PRIMARY KEY (id)
) ENGINE=InnoDB CHARACTER SET utf8;
success!
timestamp: 2015-04-29T09:44:26.746514
CREATE TABLE auth_group(
    id INT AUTO_INCREMENT NOT NULL,
    role VARCHAR(512),
    description LONGTEXT,
    PRIMARY KEY (id)
) ENGINE=InnoDB CHARACTER SET utf8;
success!
timestamp: 2015-04-29T09:44:26.848964
CREATE TABLE auth_membership(
    id INT AUTO_INCREMENT NOT NULL,
    user_id INT, INDEX user_id__idx (user_id), FOREIGN KEY (user_id) REFERENCES auth_user (id) ON DELETE CASCADE,
    group_id INT, INDEX group_id__idx (group_id), FOREIGN KEY (group_id) REFERENCES auth_group (id) ON DELETE CASCADE,
    PRIMARY KEY (id)
) ENGINE=InnoDB CHARACTER SET utf8;
success!
timestamp: 2015-04-29T09:44:26.970341
CREATE TABLE auth_permission(
    id INT AUTO_INCREMENT NOT NULL,
    group_id INT, INDEX group_id__idx (group_id), FOREIGN KEY (group_id) REFERENCES auth_group (id) ON DELETE CASCADE,
    name VARCHAR(512),
    table_name VARCHAR(512),
    record_id INT,
    PRIMARY KEY (id)
) ENGINE=InnoDB CHARACTER SET utf8;
success!
timestamp: 2015-04-29T09:44:27.022938
CREATE TABLE auth_event(
    id INT AUTO_INCREMENT NOT NULL,
    time_stamp DATETIME,
    client_ip VARCHAR(512),
    user_id INT, INDEX user_id__idx (user_id), FOREIGN KEY (user_id) REFERENCES auth_user (id) ON DELETE CASCADE,
    origin VARCHAR(512),
    description LONGTEXT,
    PRIMARY KEY (id)
) ENGINE=InnoDB CHARACTER SET utf8;
success!
timestamp: 2015-04-29T09:44:27.075808
CREATE TABLE auth_cas(
    id INT AUTO_INCREMENT NOT NULL,
    user_id INT, INDEX user_id__idx (user_id), FOREIGN KEY (user_id) REFERENCES auth_user (id) ON DELETE CASCADE,
    created_on DATETIME,
    service VARCHAR(512),
    ticket VARCHAR(512),
    renew CHAR(1),
    PRIMARY KEY (id)
) ENGINE=InnoDB CHARACTER SET utf8;
success!
timestamp: 2015-04-29T09:44:27.130476
CREATE TABLE t_onix_additionals(
    id INT AUTO_INCREMENT NOT NULL,
    f_book_id INT,
    f_verlagsverkehrsnummer INT,
    f_zusatz_isbn_ean VARCHAR(512) NOT NULL,
    f_verlags_bestell_nr VARCHAR(512),
    f_medienbeilage VARCHAR(512),
    f_belletristik VARCHAR(512),
    f_weitere_angaben VARCHAR(512),
    f_produktionsjahr VARCHAR(512),
    f_zusatzinformationen VARCHAR(512),
    f_teilband VARCHAR(512),
    f_auflage VARCHAR(512) NOT NULL,
    f_laufzeit_in_minuten VARCHAR(512),
    f_umfang VARCHAR(512) NOT NULL,
    f_abbildungen VARCHAR(512),
    f_verpackungs_angaben_in_mm VARCHAR(512),
    f_fsk_or_usk_angabe VARCHAR(512) NOT NULL,
    f_altersempfehlung VARCHAR(512) NOT NULL DEFAULT '',
    f_warnhinweis VARCHAR(512) NOT NULL,
    f_warengruppe_lt_vlb VARCHAR(512),
    f_auslieferungstermin VARCHAR(512) NOT NULL,
    f_ladenpreis_euro_de DOUBLE NOT NULL,
    f_ladenpreis_euro_at DOUBLE NOT NULL,
    f_mwst DOUBLE NOT NULL,
    f_vorbestelldatum DATE,
    f_vorbestellpreis_euro_de DOUBLE NOT NULL,
    f_vorbestellpreis_euro_at DOUBLE NOT NULL,
    f_vorbestellpreis_euro_sfr DOUBLE NOT NULL,
    f_zolltarifnummer_verzeihnis VARCHAR(512) NOT NULL,
    f_warennummer_ztn VARCHAR(512) NOT NULL,
    f_ursprungsland VARCHAR(512) NOT NULL,
    f_cover_image VARCHAR(512),
    f_klassifizierung_hochschulschriften VARCHAR(512) NOT NULL,
    f_mehrbaendiger_werke VARCHAR(512) NOT NULL,
    f_issn VARCHAR(512) NOT NULL,
    PRIMARY KEY (id)
) ENGINE=InnoDB CHARACTER SET utf8;
success!
timestamp: 2015-04-30T09:36:47.160518
ALTER TABLE t_onix_additionals ADD submission_id INT;
success!
timestamp: 2015-04-30T09:36:47.688453
ALTER TABLE t_onix_additionals DROP COLUMN f_book_id;
success!
timestamp: 2015-05-04T13:57:27.644954
CREATE TABLE knv_metadta(
    id INT AUTO_INCREMENT NOT NULL,
    isbn INT,
    buchtitel VARCHAR(512),
    anz_teile INT,
    verlagsname VARCHAR(512),
    gln INT,
    bindeart VARCHAR(512),
    anz_rillungen INT,
    kapitalband VARCHAR(512),
    r_ckenart VARCHAR(512),
    ansichtsexemplar VARCHAR(512),
    l_ndercode VARCHAR(512),
    adresszeile1 VARCHAR(512),
    adresszeile2 VARCHAR(512),
    adresszeile3 VARCHAR(512),
    ort VARCHAR(512),
    plz INT,
    stra_e_und_nr_ VARCHAR(512),
    postfach VARCHAR(512),
    speicherung VARCHAR(512),
    dateiname_pdf_cover_ VARCHAR(512),
    teilnummer INT,
    anzahl_seiten INT,
    druckfarbe VARCHAR(512),
    pr_fung_trimbox VARCHAR(512),
    pr_ftoleranz VARCHAR(512),
    papiertyp VARCHAR(512),
    laminierungsart VARCHAR(512),
    barcode_position VARCHAR(512),
    dateiname_pdf_innerwork_ VARCHAR(512),
    teilnummer2 INT,
    anzahl_seiten2 INT,
    farbraum VARCHAR(512),
    anzahl_farbseiten VARCHAR(512),
    breite_der_trimbox DOUBLE,
    h_he_der_trimbox DOUBLE,
    pr_fung_trimbox2 VARCHAR(512),
    pr_ftoleranz2 VARCHAR(512),
    papiertyp2 VARCHAR(512),
    letzte_seite VARCHAR(512),
    PRIMARY KEY (id)
) ENGINE=InnoDB CHARACTER SET utf8;
success!
timestamp: 2015-05-04T13:58:27.650039
CREATE TABLE knv_metadata(
    id INT AUTO_INCREMENT NOT NULL,
    isbn INT,
    buchtitel VARCHAR(512),
    anz_teile INT,
    verlagsname VARCHAR(512),
    gln INT,
    bindeart VARCHAR(512),
    anz_rillungen INT,
    kapitalband VARCHAR(512),
    r_ckenart VARCHAR(512),
    ansichtsexemplar VARCHAR(512),
    l_ndercode VARCHAR(512),
    adresszeile1 VARCHAR(512),
    adresszeile2 VARCHAR(512),
    adresszeile3 VARCHAR(512),
    ort VARCHAR(512),
    plz INT,
    stra_e_und_nr_ VARCHAR(512),
    postfach VARCHAR(512),
    speicherung VARCHAR(512),
    dateiname_pdf_cover_ VARCHAR(512),
    teilnummer INT,
    anzahl_seiten INT,
    druckfarbe VARCHAR(512),
    pr_fung_trimbox VARCHAR(512),
    pr_ftoleranz VARCHAR(512),
    papiertyp VARCHAR(512),
    laminierungsart VARCHAR(512),
    barcode_position VARCHAR(512),
    dateiname_pdf_innerwork_ VARCHAR(512),
    teilnummer2 INT,
    anzahl_seiten2 INT,
    farbraum VARCHAR(512),
    anzahl_farbseiten VARCHAR(512),
    breite_der_trimbox DOUBLE,
    h_he_der_trimbox DOUBLE,
    pr_fung_trimbox2 VARCHAR(512),
    pr_ftoleranz2 VARCHAR(512),
    papiertyp2 VARCHAR(512),
    letzte_seite VARCHAR(512),
    PRIMARY KEY (id)
) ENGINE=InnoDB CHARACTER SET utf8;
success!
timestamp: 2015-05-04T14:06:27.645239
CREATE TABLE t_knv_metadata(
    id INT AUTO_INCREMENT NOT NULL,
    isbn INT,
    buchtitel VARCHAR(512),
    anz_teile INT,
    verlagsname VARCHAR(512),
    gln INT,
    bindeart VARCHAR(512),
    anz_rillungen INT,
    kapitalband VARCHAR(512),
    r_ckenart VARCHAR(512),
    ansichtsexemplar VARCHAR(512),
    l_ndercode VARCHAR(512),
    adresszeile1 VARCHAR(512),
    adresszeile2 VARCHAR(512),
    adresszeile3 VARCHAR(512),
    ort VARCHAR(512),
    plz INT,
    stra_e_und_nr_ VARCHAR(512),
    postfach VARCHAR(512),
    speicherung VARCHAR(512),
    dateiname_pdf_cover_ VARCHAR(512),
    teilnummer INT,
    anzahl_seiten INT,
    druckfarbe VARCHAR(512),
    pr_fung_trimbox VARCHAR(512),
    pr_ftoleranz VARCHAR(512),
    papiertyp VARCHAR(512),
    laminierungsart VARCHAR(512),
    barcode_position VARCHAR(512),
    dateiname_pdf_innerwork_ VARCHAR(512),
    teilnummer2 INT,
    anzahl_seiten2 INT,
    farbraum VARCHAR(512),
    anzahl_farbseiten VARCHAR(512),
    breite_der_trimbox DOUBLE,
    h_he_der_trimbox DOUBLE,
    pr_fung_trimbox2 VARCHAR(512),
    pr_ftoleranz2 VARCHAR(512),
    papiertyp2 VARCHAR(512),
    letzte_seite VARCHAR(512),
    PRIMARY KEY (id)
) ENGINE=InnoDB CHARACTER SET utf8;
success!
timestamp: 2015-05-04T14:17:03.310536
ALTER TABLE t_knv_metadata ADD bindeart__tmp VARCHAR(PB);
timestamp: 2015-05-04T14:17:23.302082
ALTER TABLE t_knv_metadata ADD verlagsname__tmp VARCHAR(Heidelberg University Publishing);
timestamp: 2015-05-04T14:17:27.650603
ALTER TABLE t_knv_metadata ADD verlagsname__tmp VARCHAR(Heidelberg University Publishing);
timestamp: 2015-05-04T14:21:27.663012
ALTER TABLE t_knv_metadata ADD rueckenart VARCHAR(512);
success!
timestamp: 2015-05-04T14:21:27.883704
ALTER TABLE t_knv_metadata DROP COLUMN r_ckenart;
success!
timestamp: 2015-05-04T14:22:01.042158
ALTER TABLE t_knv_metadata ADD laendercode VARCHAR(512);
success!
timestamp: 2015-05-04T14:22:01.202151
ALTER TABLE t_knv_metadata DROP COLUMN l_ndercode;
success!
timestamp: 2015-05-04T14:27:27.663929
ALTER TABLE t_knv_metadata ADD strasse_und_nr VARCHAR(512);
success!
timestamp: 2015-05-04T14:27:27.846280
ALTER TABLE t_knv_metadata DROP COLUMN stra_e_und_nr_;
success!
timestamp: 2015-05-04T14:31:27.654857
ALTER TABLE t_knv_metadata ADD pruefung_trimbox VARCHAR(512);
success!
timestamp: 2015-05-04T14:31:27.956031
ALTER TABLE t_knv_metadata DROP COLUMN pr_fung_trimbox;
success!
timestamp: 2015-05-04T14:32:27.655806
ALTER TABLE t_knv_metadata ADD prueftoleranz VARCHAR(512);
success!
timestamp: 2015-05-04T14:32:27.918665
ALTER TABLE t_knv_metadata DROP COLUMN pr_ftoleranz;
success!
timestamp: 2015-05-04T14:34:27.644426
ALTER TABLE t_knv_metadata DROP COLUMN anzahl_seiten2;
success!
timestamp: 2015-05-04T14:34:27.822877
ALTER TABLE t_knv_metadata DROP COLUMN teilnummer2;
success!
timestamp: 2015-05-04T14:35:27.653989
ALTER TABLE t_knv_metadata ADD hoehe_der_trimbox DOUBLE;
success!
timestamp: 2015-05-04T14:35:27.849044
ALTER TABLE t_knv_metadata DROP COLUMN pr_fung_trimbox2;
success!
timestamp: 2015-05-04T14:35:27.995298
ALTER TABLE t_knv_metadata DROP COLUMN pr_ftoleranz2;
success!
timestamp: 2015-05-04T14:35:28.154552
ALTER TABLE t_knv_metadata DROP COLUMN h_he_der_trimbox;
success!
timestamp: 2015-05-04T14:36:27.652846
ALTER TABLE t_knv_metadata DROP COLUMN papiertyp2;
success!
timestamp: 2015-05-04T14:50:22.451965
ALTER TABLE t_knv_metadata ADD submission_id INT;
success!
success!
timestamp: 2015-05-05T09:32:51.412261
ALTER TABLE t_knv_metadata ADD teilnummer__tmp VARCHAR(512);
success!
UPDATE t_knv_metadata SET teilnummer__tmp=teilnummer;
success!
ALTER TABLE t_knv_metadata DROP COLUMN teilnummer;
success!
ALTER TABLE t_knv_metadata ADD teilnummer VARCHAR(512);
success!
UPDATE t_knv_metadata SET teilnummer=teilnummer__tmp;
success!
ALTER TABLE t_knv_metadata DROP COLUMN teilnummer__tmp;
success!
success!
timestamp: 2015-05-05T09:33:04.555332
ALTER TABLE t_knv_metadata ADD teilnummer__tmp INT;
success!
UPDATE t_knv_metadata SET teilnummer__tmp=teilnummer;
success!
ALTER TABLE t_knv_metadata DROP COLUMN teilnummer;
success!
ALTER TABLE t_knv_metadata ADD teilnummer INT;
success!
UPDATE t_knv_metadata SET teilnummer=teilnummer__tmp;
success!
ALTER TABLE t_knv_metadata DROP COLUMN teilnummer__tmp;
success!
timestamp: 2015-05-05T09:33:05.431482
ALTER TABLE t_knv_metadata ADD dateiname_pdf_cover VARCHAR(512);
success!
timestamp: 2015-05-05T09:33:05.615466
ALTER TABLE t_knv_metadata DROP COLUMN dateiname_pdf_cover_;
success!
success!
timestamp: 2015-05-05T09:48:23.320284
ALTER TABLE t_knv_metadata DROP COLUMN hoehe_der_trimbox;
success!
timestamp: 2015-05-05T09:48:23.553900
ALTER TABLE t_knv_metadata DROP COLUMN farbraum;
success!
timestamp: 2015-05-05T09:48:23.714918
ALTER TABLE t_knv_metadata DROP COLUMN breite_der_trimbox;
success!
timestamp: 2015-05-05T09:48:23.872482
ALTER TABLE t_knv_metadata DROP COLUMN anzahl_farbseiten;
success!
timestamp: 2015-05-05T09:48:24.057097
ALTER TABLE t_knv_metadata DROP COLUMN dateiname_pdf_innerwork_;
success!
timestamp: 2015-05-05T09:49:41.619119
ALTER TABLE t_knv_metadata ADD hoehe_der_trimbox INT;
success!
timestamp: 2015-05-05T09:49:41.815264
ALTER TABLE t_knv_metadata ADD farbraum VARCHAR(512);
success!
timestamp: 2015-05-05T09:49:41.977719
ALTER TABLE t_knv_metadata ADD breite_der_trimbox INT;
success!
timestamp: 2015-05-05T09:49:42.134814
ALTER TABLE t_knv_metadata ADD anzahl_farbseiten INT;
success!
timestamp: 2015-05-05T09:49:42.285556
ALTER TABLE t_knv_metadata ADD dateiname_pdf_innerwork_ VARCHAR(512);
success!
success!
timestamp: 2015-05-05T09:57:26.268272
ALTER TABLE t_onix_additionals ADD f_zusatz_isbn_ean__tmp VARCHAR(512);
success!
UPDATE t_onix_additionals SET f_zusatz_isbn_ean__tmp=f_zusatz_isbn_ean;
success!
ALTER TABLE t_onix_additionals DROP COLUMN f_zusatz_isbn_ean;
success!
ALTER TABLE t_onix_additionals ADD f_zusatz_isbn_ean VARCHAR(512);
success!
UPDATE t_onix_additionals SET f_zusatz_isbn_ean=f_zusatz_isbn_ean__tmp;
success!
ALTER TABLE t_onix_additionals DROP COLUMN f_zusatz_isbn_ean__tmp;
success!
success!
timestamp: 2015-05-05T10:13:51.395479
ALTER TABLE t_onix_additionals ADD publisher VARCHAR(512);
success!
success!
timestamp: 2015-05-05T10:14:51.396403
ALTER TABLE t_onix_additionals ADD omp_isbn VARCHAR(512);
success!
timestamp: 2015-05-05T10:14:51.566215
ALTER TABLE t_onix_additionals ADD omp_publisher VARCHAR(512);
success!
timestamp: 2015-05-05T10:14:51.734895
ALTER TABLE t_onix_additionals DROP COLUMN publisher;
success!
timestamp: 2015-05-05T10:40:08.223162
ALTER TABLE t_onix_additionals ADD omp_isbn__tmp VARCHAR(512) NOT NULL;
success!
UPDATE t_onix_additionals SET omp_isbn__tmp=omp_isbn;
success!
ALTER TABLE t_onix_additionals DROP COLUMN omp_isbn;
success!
ALTER TABLE t_onix_additionals ADD omp_isbn VARCHAR(512) NOT NULL;
success!
UPDATE t_onix_additionals SET omp_isbn=omp_isbn__tmp;
success!
ALTER TABLE t_onix_additionals DROP COLUMN omp_isbn__tmp;
success!
success!
timestamp: 2015-05-05T10:43:51.400207
ALTER TABLE t_onix_additionals ADD omp_autor VARCHAR(512);
success!
success!
timestamp: 2015-05-05T14:52:58.585658
CREATE TABLE press_settings(
    id INT AUTO_INCREMENT NOT NULL,
    press_id INT,
    locale VARCHAR(512),
    setting_name VARCHAR(512),
    setting_value VARCHAR(512),
    setting_type VARCHAR(512),
    PRIMARY KEY (id)
) ENGINE=InnoDB CHARACTER SET utf8;
timestamp: 2015-05-05T14:53:22.883285
CREATE TABLE press_settings(
    id INT AUTO_INCREMENT NOT NULL,
    press_id INT,
    locale VARCHAR(512),
    setting_name VARCHAR(512),
    setting_value VARCHAR(512),
    setting_type VARCHAR(512),
    PRIMARY KEY (id)
) ENGINE=InnoDB CHARACTER SET utf8;
success!
timestamp: 2015-05-05T15:01:22.334661
ALTER TABLE t_onix_additionals ADD omp_publisher__tmp VARCHAR(512);
success!
UPDATE t_onix_additionals SET omp_publisher__tmp=omp_publisher;
success!
ALTER TABLE t_onix_additionals DROP COLUMN omp_publisher;
success!
ALTER TABLE t_onix_additionals ADD omp_publisher VARCHAR(512);
success!
UPDATE t_onix_additionals SET omp_publisher=omp_publisher__tmp;
success!
ALTER TABLE t_onix_additionals DROP COLUMN omp_publisher__tmp;
success!
success!
timestamp: 2015-05-05T16:40:30.757533
ALTER TABLE t_onix_additionals ADD omp_title VARCHAR(512);
success!
success!
timestamp: 2015-05-05T16:45:00.020528
ALTER TABLE t_onix_additionals ADD omp_sub_title VARCHAR(512);
success!
success!
timestamp: 2015-05-05T16:54:39.037348
ALTER TABLE t_onix_additionals ADD omp_language VARCHAR(512);
success!
success!
timestamp: 2015-05-06T12:29:38.479381
ALTER TABLE t_onix_additionals ADD omp_volume VARCHAR(512);
success!
success!
timestamp: 2015-05-06T12:54:18.925439
ALTER TABLE t_onix_additionals ADD omp_series VARCHAR(512);
success!
success!
timestamp: 2015-05-06T13:14:35.888774
ALTER TABLE t_onix_additionals ADD omp_artikel_format VARCHAR(512);
success!
success!
timestamp: 2015-05-06T13:29:28.762319
ALTER TABLE t_onix_additionals ADD omp_amount VARCHAR(512);
success!
success!
timestamp: 2015-05-06T14:07:55.184186
ALTER TABLE t_onix_additionals ADD omp_product_form VARCHAR(512);
success!
timestamp: 2015-05-06T14:07:55.769053
ALTER TABLE t_onix_additionals ADD f_number INT;
success!
success!
timestamp: 2015-05-06T14:27:54.464913
ALTER TABLE t_onix_additionals ADD f_weiter_angaben VARCHAR(512);
success!
timestamp: 2015-05-06T14:27:54.864866
ALTER TABLE t_onix_additionals ADD omp_first_selling_day VARCHAR(512);
success!
success!
timestamp: 2015-05-06T15:37:38.497077
ALTER TABLE t_onix_additionals ADD omp_abstract VARCHAR(512);
success!
timestamp: 2015-05-06T15:44:38.495763
ALTER TABLE t_onix_additionals ADD f_klappentext VARCHAR(512);
success!
timestamp: 2015-05-06T15:44:38.691787
ALTER TABLE t_onix_additionals ADD f_ VARCHAR(512);
success!
success!
timestamp: 2015-05-06T15:45:18.439991
ALTER TABLE t_onix_additionals ADD f_content_directory VARCHAR(512);
success!
success!
timestamp: 2015-05-06T15:45:38.493210
ALTER TABLE t_onix_additionals ADD f_tracklist VARCHAR(512);
timestamp: 2015-05-06T15:46:18.449952
ALTER TABLE t_onix_additionals ADD f_tracklist VARCHAR(512);
timestamp: 2015-05-06T15:46:34.669805
ALTER TABLE t_onix_additionals ADD f_leseprobe VARCHAR(512);
timestamp: 2015-05-06T15:46:38.499639
ALTER TABLE t_onix_additionals ADD f_leseprobe VARCHAR(512);
timestamp: 2015-05-06T15:47:18.446356
ALTER TABLE t_onix_additionals ADD f_leseprobe VARCHAR(512);
timestamp: 2015-05-06T15:47:38.488384
ALTER TABLE t_onix_additionals ADD f_leseprobe VARCHAR(512);
timestamp: 2015-05-06T15:47:43.363078
ALTER TABLE t_onix_additionals ADD f_leseprobe LONGTEXT;
success!
timestamp: 2015-05-06T15:47:43.561474
ALTER TABLE t_onix_additionals ADD f_tracklist VARCHAR(512);
timestamp: 2015-05-06T15:48:00.210066
ALTER TABLE t_onix_additionals DROP COLUMN f_content_directory;
success!
timestamp: 2015-05-06T15:48:00.356625
ALTER TABLE t_onix_additionals DROP COLUMN f_leseprobe;
success!
timestamp: 2015-05-06T15:48:00.538857
ALTER TABLE t_onix_additionals DROP COLUMN f_;
success!
timestamp: 2015-05-06T15:48:14.853058
ALTER TABLE t_onix_additionals ADD omp_abstract__tmp LONGTEXT;
success!
UPDATE t_onix_additionals SET omp_abstract__tmp=omp_abstract;
success!
ALTER TABLE t_onix_additionals DROP COLUMN omp_abstract;
success!
ALTER TABLE t_onix_additionals ADD omp_abstract LONGTEXT;
success!
UPDATE t_onix_additionals SET omp_abstract=omp_abstract__tmp;
success!
ALTER TABLE t_onix_additionals DROP COLUMN omp_abstract__tmp;
success!
success!
timestamp: 2015-05-06T15:48:22.636848
ALTER TABLE t_onix_additionals ADD f_content_directory VARCHAR(512);
success!
success!
timestamp: 2015-05-06T15:48:37.384848
ALTER TABLE t_onix_additionals ADD f_leseprobe LONGTEXT;
success!
timestamp: 2015-05-06T15:48:37.716592
ALTER TABLE t_onix_additionals ADD f_tracklist VARCHAR(512);
success!
success!
timestamp: 2015-05-06T16:02:45.173916
ALTER TABLE t_onix_additionals ADD omp_author_bibliography VARCHAR(512);
success!
success!
timestamp: 2015-05-06T16:06:18.444749
ALTER TABLE t_onix_additionals ADD omp_author_biography VARCHAR(512);
timestamp: 2015-05-06T16:06:38.494666
ALTER TABLE t_onix_additionals ADD omp_author_biography VARCHAR(512);
timestamp: 2015-05-06T16:06:38.925913
ALTER TABLE t_onix_additionals ADD omp_author_biography VARCHAR(512);
timestamp: 2015-05-06T16:07:04.196587
ALTER TABLE t_onix_additionals ADD omp_author_biography LONGTEXT;
success!
timestamp: 2015-05-06T16:07:04.385647
ALTER TABLE t_onix_additionals DROP COLUMN omp_author_bibliography;
success!
timestamp: 2015-05-06T16:10:27.567204
ALTER TABLE t_onix_additionals ADD f_ VARCHAR(512);
success!
success!
timestamp: 2015-05-07T10:01:38.505428
ALTER TABLE t_knv_metadata ADD f_papiertyp VARCHAR(512);
success!
success!
timestamp: 2015-05-07T10:01:52.554013
ALTER TABLE t_knv_metadata DROP COLUMN f_papiertyp;
success!
timestamp: 2015-05-07T10:01:59.214243
ALTER TABLE t_knv_metadata ADD f_papiertyp VARCHAR(512);
success!
success!
timestamp: 2015-05-07T11:25:51.134390
ALTER TABLE t_knv_metadata ADD isbn__tmp VARCHAR(512);
success!
UPDATE t_knv_metadata SET isbn__tmp=isbn;
success!
ALTER TABLE t_knv_metadata DROP COLUMN isbn;
success!
ALTER TABLE t_knv_metadata ADD isbn VARCHAR(512);
success!
UPDATE t_knv_metadata SET isbn=isbn__tmp;
success!
ALTER TABLE t_knv_metadata DROP COLUMN isbn__tmp;
success!
success!
timestamp: 2015-05-07T11:38:30.763716
ALTER TABLE t_knv_metadata ADD isbn__tmp INT;
success!
UPDATE t_knv_metadata SET isbn__tmp=isbn;
success!
ALTER TABLE t_knv_metadata DROP COLUMN isbn;
success!
ALTER TABLE t_knv_metadata ADD isbn INT;
success!
UPDATE t_knv_metadata SET isbn=isbn__tmp;
success!
ALTER TABLE t_knv_metadata DROP COLUMN isbn__tmp;
success!
success!
timestamp: 2015-05-07T11:59:38.495387
ALTER TABLE t_onix_additionals ADD omp_series_number VARCHAR(512);
timestamp: 2015-05-07T12:00:03.713497
ALTER TABLE t_onix_additionals ADD omp_series_position VARCHAR(512);
timestamp: 2015-05-07T12:00:38.493568
ALTER TABLE t_onix_additionals ADD omp_series_position VARCHAR(512);
timestamp: 2015-05-07T12:01:03.721906
ALTER TABLE t_onix_additionals ADD omp_series_position VARCHAR(512);
timestamp: 2015-05-07T12:01:38.500260
ALTER TABLE t_onix_additionals ADD omp_series_position VARCHAR(512);
timestamp: 2015-05-07T12:02:03.711722
ALTER TABLE t_onix_additionals ADD omp_series_position VARCHAR(512);
timestamp: 2015-05-07T12:02:38.494436
ALTER TABLE t_onix_additionals ADD omp_series_position VARCHAR(512);
timestamp: 2015-05-07T12:03:03.727214
ALTER TABLE t_onix_additionals ADD omp_series_position VARCHAR(512);
timestamp: 2015-05-07T12:03:38.506864
ALTER TABLE t_onix_additionals ADD omp_series_position VARCHAR(512);
timestamp: 2015-05-07T12:04:03.727765
ALTER TABLE t_onix_additionals ADD omp_series_position VARCHAR(512);
timestamp: 2015-05-07T12:04:38.498512
ALTER TABLE t_onix_additionals ADD omp_series_position VARCHAR(512);
timestamp: 2015-05-07T12:05:03.716668
ALTER TABLE t_onix_additionals ADD omp_series_position VARCHAR(512);
timestamp: 2015-05-07T12:05:38.503714
ALTER TABLE t_onix_additionals ADD omp_series_position VARCHAR(512);
timestamp: 2015-05-07T12:06:03.710420
ALTER TABLE t_onix_additionals ADD omp_series_position VARCHAR(512);
timestamp: 2015-05-07T12:06:38.493122
ALTER TABLE t_onix_additionals ADD omp_series_position VARCHAR(512);
timestamp: 2015-05-07T12:07:03.720235
ALTER TABLE t_onix_additionals ADD omp_series_position VARCHAR(512);
timestamp: 2015-05-07T12:07:38.506972
ALTER TABLE t_onix_additionals ADD omp_series_position VARCHAR(512);
timestamp: 2015-05-07T12:08:03.712688
ALTER TABLE t_onix_additionals ADD omp_series_position VARCHAR(512);
timestamp: 2015-05-07T12:08:38.502146
ALTER TABLE t_onix_additionals ADD omp_series_position VARCHAR(512);
timestamp: 2015-05-07T12:09:03.705142
ALTER TABLE t_onix_additionals ADD omp_series_position VARCHAR(512);
timestamp: 2015-05-07T12:09:38.491632
ALTER TABLE t_onix_additionals ADD omp_series_position VARCHAR(512);
timestamp: 2015-05-07T12:10:03.713234
ALTER TABLE t_onix_additionals ADD omp_series_position VARCHAR(512);
timestamp: 2015-05-07T12:10:38.509096
ALTER TABLE t_onix_additionals ADD omp_series_position VARCHAR(512);
timestamp: 2015-05-07T12:11:03.713185
ALTER TABLE t_onix_additionals ADD omp_series_position VARCHAR(512);
timestamp: 2015-05-07T12:11:38.507879
ALTER TABLE t_onix_additionals ADD omp_series_position VARCHAR(512);
timestamp: 2015-05-07T12:12:03.738499
ALTER TABLE t_onix_additionals ADD omp_series_position VARCHAR(512);
timestamp: 2015-05-07T12:12:38.501512
ALTER TABLE t_onix_additionals ADD omp_product_form__tmp VARCHAR(512) NOT NULL;
timestamp: 2015-05-07T12:13:03.713657
ALTER TABLE t_onix_additionals ADD omp_product_form__tmp VARCHAR(512) NOT NULL;
timestamp: 2015-05-07T12:13:38.495295
ALTER TABLE t_onix_additionals ADD omp_product_form__tmp VARCHAR(512) NOT NULL;
timestamp: 2015-05-07T12:14:03.708845
ALTER TABLE t_onix_additionals ADD omp_product_form__tmp VARCHAR(512) NOT NULL;
timestamp: 2015-05-07T12:14:38.511711
ALTER TABLE t_onix_additionals ADD omp_product_form__tmp VARCHAR(512) NOT NULL;
timestamp: 2015-05-07T12:15:03.709448
ALTER TABLE t_onix_additionals ADD omp_product_form__tmp VARCHAR(512) NOT NULL;
timestamp: 2015-05-07T12:15:38.510673
ALTER TABLE t_onix_additionals ADD omp_product_form__tmp VARCHAR(512) NOT NULL;
timestamp: 2015-05-07T12:16:03.714004
ALTER TABLE t_onix_additionals ADD omp_product_form__tmp VARCHAR(512) NOT NULL;
timestamp: 2015-05-07T12:16:38.500099
ALTER TABLE t_onix_additionals ADD omp_product_form__tmp VARCHAR(512) NOT NULL;
timestamp: 2015-05-07T12:17:03.710423
ALTER TABLE t_onix_additionals ADD omp_product_form__tmp VARCHAR(512) NOT NULL;
timestamp: 2015-05-07T12:17:38.503513
ALTER TABLE t_onix_additionals ADD omp_product_form__tmp VARCHAR(512) NOT NULL;
timestamp: 2015-05-07T12:18:03.729635
ALTER TABLE t_onix_additionals ADD omp_product_form__tmp VARCHAR(512) NOT NULL;
timestamp: 2015-05-07T12:18:38.492561
ALTER TABLE t_onix_additionals ADD omp_product_form__tmp VARCHAR(512) NOT NULL;
timestamp: 2015-05-07T12:19:03.720814
ALTER TABLE t_onix_additionals ADD omp_product_form__tmp VARCHAR(512) NOT NULL;
timestamp: 2015-05-07T12:19:38.500847
ALTER TABLE t_onix_additionals ADD omp_product_form__tmp VARCHAR(512) NOT NULL;
timestamp: 2015-05-07T12:20:03.702943
ALTER TABLE t_onix_additionals ADD omp_product_form__tmp VARCHAR(512) NOT NULL;
timestamp: 2015-05-07T12:20:38.507628
ALTER TABLE t_onix_additionals ADD omp_product_form__tmp VARCHAR(512) NOT NULL;
timestamp: 2015-05-07T12:21:03.704995
ALTER TABLE t_onix_additionals ADD omp_product_form__tmp VARCHAR(512) NOT NULL;
timestamp: 2015-05-07T12:21:38.499931
ALTER TABLE t_onix_additionals ADD omp_product_form__tmp VARCHAR(512) NOT NULL;
timestamp: 2015-05-07T12:22:03.707688
ALTER TABLE t_onix_additionals ADD omp_product_form__tmp VARCHAR(512) NOT NULL;
timestamp: 2015-05-07T12:22:38.497475
ALTER TABLE t_onix_additionals ADD omp_product_form__tmp VARCHAR(512) NOT NULL;
timestamp: 2015-05-07T12:23:03.707090
ALTER TABLE t_onix_additionals ADD omp_product_form__tmp VARCHAR(512) NOT NULL;
timestamp: 2015-05-07T12:23:38.487767
ALTER TABLE t_onix_additionals ADD omp_product_form__tmp VARCHAR(512) NOT NULL;
timestamp: 2015-05-07T12:24:03.710541
ALTER TABLE t_onix_additionals ADD omp_product_form__tmp VARCHAR(512) NOT NULL;
timestamp: 2015-05-07T12:24:38.506479
ALTER TABLE t_onix_additionals ADD omp_product_form__tmp VARCHAR(512) NOT NULL;
timestamp: 2015-05-07T12:25:03.719691
ALTER TABLE t_onix_additionals ADD omp_product_form__tmp VARCHAR(512) NOT NULL;
timestamp: 2015-05-07T12:25:38.498730
ALTER TABLE t_onix_additionals ADD omp_product_form__tmp VARCHAR(512) NOT NULL;
timestamp: 2015-05-07T12:26:03.711785
ALTER TABLE t_onix_additionals ADD omp_product_form__tmp VARCHAR(512) NOT NULL;
timestamp: 2015-05-07T12:26:38.504002
ALTER TABLE t_onix_additionals ADD omp_product_form__tmp VARCHAR(512) NOT NULL;
timestamp: 2015-05-07T12:27:03.712166
ALTER TABLE t_onix_additionals ADD omp_product_form__tmp VARCHAR(512) NOT NULL;
timestamp: 2015-05-07T12:27:38.502293
ALTER TABLE t_onix_additionals ADD omp_product_form__tmp VARCHAR(512) NOT NULL;
timestamp: 2015-05-07T12:28:03.718160
ALTER TABLE t_onix_additionals ADD omp_product_form__tmp VARCHAR(512) NOT NULL;
timestamp: 2015-05-07T12:28:38.491811
ALTER TABLE t_onix_additionals ADD omp_product_form__tmp VARCHAR(512) NOT NULL;
timestamp: 2015-05-07T12:29:03.710226
ALTER TABLE t_onix_additionals ADD omp_product_form__tmp VARCHAR(512) NOT NULL;
timestamp: 2015-05-07T12:29:38.498916
ALTER TABLE t_onix_additionals ADD omp_product_form__tmp VARCHAR(512) NOT NULL;
timestamp: 2015-05-07T12:30:05.592410
ALTER TABLE t_onix_additionals ADD omp_product_form__tmp VARCHAR(512) NOT NULL;
timestamp: 2015-05-07T12:30:38.532009
ALTER TABLE t_onix_additionals ADD omp_product_form__tmp VARCHAR(512) NOT NULL;
timestamp: 2015-05-07T12:31:03.721721
ALTER TABLE t_onix_additionals ADD omp_product_form__tmp VARCHAR(512) NOT NULL;
timestamp: 2015-05-07T12:31:38.515060
ALTER TABLE t_onix_additionals ADD omp_product_form__tmp VARCHAR(512) NOT NULL;
timestamp: 2015-05-07T12:32:03.719660
ALTER TABLE t_onix_additionals ADD omp_product_form__tmp VARCHAR(512) NOT NULL;
timestamp: 2015-05-07T12:32:38.498231
ALTER TABLE t_onix_additionals ADD omp_product_form__tmp VARCHAR(512) NOT NULL;
timestamp: 2015-05-07T12:33:03.750444
ALTER TABLE t_onix_additionals ADD omp_product_form__tmp VARCHAR(512) NOT NULL;
timestamp: 2015-05-07T12:33:38.507406
ALTER TABLE t_onix_additionals ADD omp_product_form__tmp VARCHAR(512) NOT NULL;
timestamp: 2015-05-07T12:34:03.716436
ALTER TABLE t_onix_additionals ADD omp_product_form__tmp VARCHAR(512) NOT NULL;
timestamp: 2015-05-07T12:34:38.500255
ALTER TABLE t_onix_additionals ADD omp_product_form__tmp VARCHAR(512) NOT NULL;
timestamp: 2015-05-07T12:35:03.721943
ALTER TABLE t_onix_additionals ADD omp_product_form__tmp VARCHAR(512) NOT NULL;
timestamp: 2015-05-07T12:35:38.501866
ALTER TABLE t_onix_additionals ADD omp_product_form__tmp VARCHAR(512) NOT NULL;
timestamp: 2015-05-07T12:36:03.723793
ALTER TABLE t_onix_additionals ADD omp_product_form__tmp VARCHAR(512) NOT NULL;
timestamp: 2015-05-07T12:36:38.500192
ALTER TABLE t_onix_additionals ADD omp_product_form__tmp VARCHAR(512) NOT NULL;
timestamp: 2015-05-07T12:37:03.717754
ALTER TABLE t_onix_additionals ADD omp_product_form__tmp VARCHAR(512) NOT NULL;
timestamp: 2015-05-07T12:37:38.490464
ALTER TABLE t_onix_additionals ADD omp_product_form__tmp VARCHAR(512) NOT NULL;
timestamp: 2015-05-07T12:38:03.715660
ALTER TABLE t_onix_additionals ADD omp_product_form__tmp VARCHAR(512) NOT NULL;
timestamp: 2015-05-07T12:38:38.509473
ALTER TABLE t_onix_additionals ADD omp_product_form__tmp VARCHAR(512) NOT NULL;
timestamp: 2015-05-07T12:39:03.714779
ALTER TABLE t_onix_additionals ADD omp_product_form__tmp VARCHAR(512) NOT NULL;
timestamp: 2015-05-07T12:39:38.500848
ALTER TABLE t_onix_additionals ADD omp_product_form__tmp VARCHAR(512) NOT NULL;
timestamp: 2015-05-07T12:40:03.709844
ALTER TABLE t_onix_additionals ADD omp_product_form__tmp VARCHAR(512) NOT NULL;
timestamp: 2015-05-07T12:40:38.497887
ALTER TABLE t_onix_additionals ADD omp_product_form__tmp VARCHAR(512) NOT NULL;
timestamp: 2015-05-07T12:41:03.709164
ALTER TABLE t_onix_additionals ADD omp_product_form__tmp VARCHAR(512) NOT NULL;
timestamp: 2015-05-07T12:41:38.495742
ALTER TABLE t_onix_additionals ADD omp_product_form__tmp VARCHAR(512) NOT NULL;
timestamp: 2015-05-07T12:42:03.702013
ALTER TABLE t_onix_additionals ADD omp_product_form__tmp VARCHAR(512) NOT NULL;
timestamp: 2015-05-07T12:42:38.490319
ALTER TABLE t_onix_additionals ADD omp_product_form__tmp VARCHAR(512) NOT NULL;
timestamp: 2015-05-07T12:43:03.719009
ALTER TABLE t_onix_additionals ADD omp_product_form__tmp VARCHAR(512) NOT NULL;
timestamp: 2015-05-07T12:43:38.499910
ALTER TABLE t_onix_additionals ADD omp_product_form__tmp VARCHAR(512) NOT NULL;
timestamp: 2015-05-07T12:44:03.723943
ALTER TABLE t_onix_additionals ADD omp_product_form__tmp VARCHAR(512) NOT NULL;
timestamp: 2015-05-07T12:44:38.501837
ALTER TABLE t_onix_additionals ADD omp_product_form__tmp VARCHAR(512) NOT NULL;
timestamp: 2015-05-07T12:45:03.713872
ALTER TABLE t_onix_additionals ADD omp_product_form__tmp VARCHAR(512) NOT NULL;
timestamp: 2015-05-07T12:45:38.487853
ALTER TABLE t_onix_additionals ADD omp_product_form__tmp VARCHAR(512) NOT NULL;
timestamp: 2015-05-07T12:46:03.720451
ALTER TABLE t_onix_additionals ADD omp_product_form__tmp VARCHAR(512) NOT NULL;
timestamp: 2015-05-07T12:46:38.499652
ALTER TABLE t_onix_additionals ADD omp_product_form__tmp VARCHAR(512) NOT NULL;
timestamp: 2015-05-07T12:47:03.722164
ALTER TABLE t_onix_additionals ADD omp_product_form__tmp VARCHAR(512) NOT NULL;
timestamp: 2015-05-07T12:47:38.836390
ALTER TABLE t_onix_additionals ADD omp_product_form__tmp VARCHAR(512) NOT NULL;
timestamp: 2015-05-07T12:48:03.726513
ALTER TABLE t_onix_additionals ADD omp_product_form__tmp VARCHAR(512) NOT NULL;
timestamp: 2015-05-07T12:48:38.493518
ALTER TABLE t_onix_additionals ADD omp_product_form__tmp VARCHAR(512) NOT NULL;
timestamp: 2015-05-07T12:49:03.717372
ALTER TABLE t_onix_additionals ADD omp_product_form__tmp VARCHAR(512) NOT NULL;
timestamp: 2015-05-07T12:49:38.493360
ALTER TABLE t_onix_additionals ADD omp_product_form__tmp VARCHAR(512) NOT NULL;
timestamp: 2015-05-07T12:50:03.836400
ALTER TABLE t_onix_additionals ADD omp_product_form__tmp VARCHAR(512) NOT NULL;
timestamp: 2015-05-07T12:50:38.481948
ALTER TABLE t_onix_additionals ADD omp_product_form__tmp VARCHAR(512) NOT NULL;
timestamp: 2015-05-07T12:51:03.719187
ALTER TABLE t_onix_additionals ADD omp_product_form__tmp VARCHAR(512) NOT NULL;
timestamp: 2015-05-07T12:51:38.517699
ALTER TABLE t_onix_additionals ADD omp_product_form__tmp VARCHAR(512) NOT NULL;
timestamp: 2015-05-07T12:52:03.699520
ALTER TABLE t_onix_additionals ADD omp_product_form__tmp VARCHAR(512) NOT NULL;
timestamp: 2015-05-07T12:52:38.500439
ALTER TABLE t_onix_additionals ADD omp_product_form__tmp VARCHAR(512) NOT NULL;
timestamp: 2015-05-07T12:53:03.734116
ALTER TABLE t_onix_additionals ADD omp_product_form__tmp VARCHAR(512) NOT NULL;
timestamp: 2015-05-07T12:53:38.494271
ALTER TABLE t_onix_additionals ADD omp_product_form__tmp VARCHAR(512) NOT NULL;
timestamp: 2015-05-07T12:54:03.697643
ALTER TABLE t_onix_additionals ADD omp_product_form__tmp VARCHAR(512) NOT NULL;
timestamp: 2015-05-07T12:54:38.514743
ALTER TABLE t_onix_additionals ADD omp_product_form__tmp VARCHAR(512) NOT NULL;
timestamp: 2015-05-07T12:55:03.744884
ALTER TABLE t_onix_additionals ADD omp_product_form__tmp VARCHAR(512) NOT NULL;
timestamp: 2015-05-07T12:55:38.519227
ALTER TABLE t_onix_additionals ADD omp_product_form__tmp VARCHAR(512) NOT NULL;
timestamp: 2015-05-07T12:56:03.725827
ALTER TABLE t_onix_additionals ADD omp_product_form__tmp VARCHAR(512) NOT NULL;
timestamp: 2015-05-07T12:56:38.511457
ALTER TABLE t_onix_additionals ADD omp_product_form__tmp VARCHAR(512) NOT NULL;
timestamp: 2015-05-07T12:57:03.719048
ALTER TABLE t_onix_additionals ADD omp_product_form__tmp VARCHAR(512) NOT NULL;
timestamp: 2015-05-07T12:57:38.498034
ALTER TABLE t_onix_additionals ADD omp_product_form__tmp VARCHAR(512) NOT NULL;
timestamp: 2015-05-07T12:58:03.728950
ALTER TABLE t_onix_additionals ADD omp_product_form__tmp VARCHAR(512) NOT NULL;
timestamp: 2015-05-07T12:58:38.491750
ALTER TABLE t_onix_additionals ADD omp_product_form__tmp VARCHAR(512) NOT NULL;
timestamp: 2015-05-07T12:59:03.716815
ALTER TABLE t_onix_additionals ADD omp_product_form__tmp VARCHAR(512) NOT NULL;
timestamp: 2015-05-07T12:59:38.544829
ALTER TABLE t_onix_additionals ADD omp_product_form__tmp VARCHAR(512) NOT NULL;
timestamp: 2015-05-07T12:59:58.350381
ALTER TABLE t_onix_additionals ADD omp_product_form__tmp VARCHAR(512) NOT NULL;
timestamp: 2015-05-07T13:00:01.536689
ALTER TABLE t_onix_additionals ADD omp_product_form__tmp VARCHAR(512) NOT NULL;
timestamp: 2015-05-07T13:00:03.703513
ALTER TABLE t_onix_additionals ADD omp_product_form__tmp VARCHAR(512) NOT NULL;
timestamp: 2015-05-07T13:01:11.904927
ALTER TABLE t_onix_additionals ADD omp_product_form__tmp VARCHAR(512) NOT NULL;
timestamp: 2015-05-07T13:01:38.507623
ALTER TABLE t_onix_additionals ADD omp_product_form__tmp VARCHAR(512) NOT NULL;
timestamp: 2015-05-07T13:01:42.726481
ALTER TABLE t_onix_additionals ADD omp_product_form__tmp VARCHAR(512) NOT NULL;
timestamp: 2015-05-07T13:01:59.358033
ALTER TABLE t_onix_additionals ADD omp_product_form__tmp VARCHAR(512) NOT NULL;
timestamp: 2015-05-07T13:02:03.706075
ALTER TABLE t_onix_additionals ADD omp_product_form__tmp VARCHAR(512) NOT NULL;
timestamp: 2015-05-07T13:02:05.864957
ALTER TABLE t_onix_additionals ADD omp_product_form__tmp VARCHAR(512) NOT NULL;
timestamp: 2015-05-07T13:02:18.658320
ALTER TABLE t_onix_additionals ADD omp_product_form__tmp VARCHAR(512) NOT NULL;
timestamp: 2015-05-07T13:02:38.502190
ALTER TABLE t_onix_additionals ADD omp_product_form__tmp VARCHAR(512) NOT NULL;
timestamp: 2015-05-07T13:02:43.045748
ALTER TABLE t_onix_additionals ADD omp_series_position VARCHAR(512);
timestamp: 2015-05-07T13:03:03.716937
ALTER TABLE t_onix_additionals ADD omp_series_position VARCHAR(512);
timestamp: 2015-05-07T13:03:57.654457
ALTER TABLE t_onix_additionals DROP COLUMN submission_id;
success!
timestamp: 2015-05-07T13:03:58.072531
ALTER TABLE t_onix_additionals DROP COLUMN f_vorbestellpreis_euro_de;
success!
timestamp: 2015-05-07T13:03:58.275858
ALTER TABLE t_onix_additionals DROP COLUMN f_vorbestelldatum;
success!
timestamp: 2015-05-07T13:03:58.480322
ALTER TABLE t_onix_additionals DROP COLUMN f_content_directory;
success!
timestamp: 2015-05-07T13:03:58.684332
ALTER TABLE t_onix_additionals DROP COLUMN omp_abstract;
success!
timestamp: 2015-05-07T13:03:58.838104
ALTER TABLE t_onix_additionals DROP COLUMN omp_volume;
success!
timestamp: 2015-05-07T13:03:58.992073
ALTER TABLE t_onix_additionals DROP COLUMN f_belletristik;
success!
timestamp: 2015-05-07T13:03:59.144146
ALTER TABLE t_onix_additionals DROP COLUMN omp_series;
success!
timestamp: 2015-05-07T13:03:59.297842
ALTER TABLE t_onix_additionals DROP COLUMN f_umfang;
success!
timestamp: 2015-05-07T13:03:59.484999
ALTER TABLE t_onix_additionals DROP COLUMN f_ladenpreis_euro_de;
success!
timestamp: 2015-05-07T13:03:59.637274
ALTER TABLE t_onix_additionals DROP COLUMN omp_sub_title;
success!
timestamp: 2015-05-07T13:03:59.824330
ALTER TABLE t_onix_additionals DROP COLUMN f_warnhinweis;
success!
timestamp: 2015-05-07T13:03:59.976618
ALTER TABLE t_onix_additionals DROP COLUMN f_laufzeit_in_minuten;
success!
timestamp: 2015-05-07T13:04:00.163643
ALTER TABLE t_onix_additionals DROP COLUMN omp_autor;
success!
timestamp: 2015-05-07T13:04:00.316088
ALTER TABLE t_onix_additionals DROP COLUMN f_abbildungen;
success!
timestamp: 2015-05-07T13:04:00.499720
ALTER TABLE t_onix_additionals DROP COLUMN omp_product_form;
success!
timestamp: 2015-05-07T13:04:00.648239
ALTER TABLE t_onix_additionals DROP COLUMN f_number;
success!
timestamp: 2015-05-07T13:04:00.829901
ALTER TABLE t_onix_additionals DROP COLUMN omp_artikel_format;
success!
timestamp: 2015-05-07T13:04:00.978179
ALTER TABLE t_onix_additionals DROP COLUMN f_vorbestellpreis_euro_sfr;
success!
timestamp: 2015-05-07T13:04:01.126704
ALTER TABLE t_onix_additionals DROP COLUMN f_tracklist;
success!
timestamp: 2015-05-07T13:04:01.308301
ALTER TABLE t_onix_additionals DROP COLUMN f_cover_image;
success!
timestamp: 2015-05-07T13:04:01.458005
ALTER TABLE t_onix_additionals DROP COLUMN f_verlagsverkehrsnummer;
success!
timestamp: 2015-05-07T13:04:01.606433
ALTER TABLE t_onix_additionals DROP COLUMN omp_title;
success!
timestamp: 2015-05-07T13:04:01.779833
ALTER TABLE t_onix_additionals DROP COLUMN f_ladenpreis_euro_at;
success!
timestamp: 2015-05-07T13:04:02.008334
ALTER TABLE t_onix_additionals DROP COLUMN f_ursprungsland;
success!
timestamp: 2015-05-07T13:04:02.156950
ALTER TABLE t_onix_additionals DROP COLUMN f_weitere_angaben;
success!
timestamp: 2015-05-07T13:04:02.338654
ALTER TABLE t_onix_additionals DROP COLUMN f_mwst;
success!
timestamp: 2015-05-07T13:04:02.486898
ALTER TABLE t_onix_additionals DROP COLUMN omp_author_biography;
success!
timestamp: 2015-05-07T13:04:02.668606
ALTER TABLE t_onix_additionals DROP COLUMN f_leseprobe;
success!
timestamp: 2015-05-07T13:04:02.817059
ALTER TABLE t_onix_additionals DROP COLUMN f_medienbeilage;
success!
timestamp: 2015-05-07T13:04:02.966813
ALTER TABLE t_onix_additionals DROP COLUMN f_zusatz_isbn_ean;
success!
timestamp: 2015-05-07T13:04:03.148450
ALTER TABLE t_onix_additionals DROP COLUMN omp_isbn;
success!
timestamp: 2015-05-07T13:04:03.296811
ALTER TABLE t_onix_additionals DROP COLUMN f_klappentext;
success!
timestamp: 2015-05-07T13:04:03.445112
ALTER TABLE t_onix_additionals DROP COLUMN f_warengruppe_lt_vlb;
success!
timestamp: 2015-05-07T13:04:03.632021
ALTER TABLE t_onix_additionals DROP COLUMN omp_publisher;
success!
timestamp: 2015-05-07T13:04:03.785787
ALTER TABLE t_onix_additionals DROP COLUMN omp_amount;
success!
timestamp: 2015-05-07T13:04:03.938093
ALTER TABLE t_onix_additionals DROP COLUMN f_altersempfehlung;
success!
timestamp: 2015-05-07T13:04:04.091791
ALTER TABLE t_onix_additionals DROP COLUMN f_produktionsjahr;
success!
timestamp: 2015-05-07T13:04:04.277542
ALTER TABLE t_onix_additionals DROP COLUMN f_warennummer_ztn;
success!
timestamp: 2015-05-07T13:04:04.431133
ALTER TABLE t_onix_additionals DROP COLUMN f_zolltarifnummer_verzeihnis;
success!
timestamp: 2015-05-07T13:04:04.583686
ALTER TABLE t_onix_additionals DROP COLUMN f_auslieferungstermin;
success!
timestamp: 2015-05-07T13:04:04.779430
ALTER TABLE t_onix_additionals DROP COLUMN f_teilband;
success!
timestamp: 2015-05-07T13:04:04.931805
ALTER TABLE t_onix_additionals DROP COLUMN omp_language;
success!
timestamp: 2015-05-07T13:04:05.120088
ALTER TABLE t_onix_additionals DROP COLUMN f_;
success!
timestamp: 2015-05-07T13:04:05.272533
ALTER TABLE t_onix_additionals DROP COLUMN omp_first_selling_day;
success!
timestamp: 2015-05-07T13:04:05.426232
ALTER TABLE t_onix_additionals DROP COLUMN f_verlags_bestell_nr;
success!
timestamp: 2015-05-07T13:04:05.578577
ALTER TABLE t_onix_additionals DROP COLUMN f_klassifizierung_hochschulschriften;
success!
timestamp: 2015-05-07T13:04:05.732231
ALTER TABLE t_onix_additionals DROP COLUMN f_vorbestellpreis_euro_at;
success!
timestamp: 2015-05-07T13:04:05.884668
ALTER TABLE t_onix_additionals DROP COLUMN f_verpackungs_angaben_in_mm;
success!
timestamp: 2015-05-07T13:04:06.063403
ALTER TABLE t_onix_additionals DROP COLUMN f_zusatzinformationen;
success!
timestamp: 2015-05-07T13:04:06.217046
ALTER TABLE t_onix_additionals DROP COLUMN f_auflage;
success!
timestamp: 2015-05-07T13:04:06.369450
ALTER TABLE t_onix_additionals DROP COLUMN f_weiter_angaben;
success!
timestamp: 2015-05-07T13:04:06.524943
ALTER TABLE t_onix_additionals DROP COLUMN f_fsk_or_usk_angabe;
success!
timestamp: 2015-05-07T13:04:38.492416
ALTER TABLE t_onix_additionals ADD submission_id INT;
success!
timestamp: 2015-05-07T13:04:38.769157
ALTER TABLE t_onix_additionals ADD f_vorbestellpreis_euro_de DOUBLE NOT NULL;
success!
timestamp: 2015-05-07T13:04:38.922696
ALTER TABLE t_onix_additionals ADD f_content_directory VARCHAR(512);
success!
timestamp: 2015-05-07T13:04:39.075276
ALTER TABLE t_onix_additionals ADD omp_abstract LONGTEXT;
success!
timestamp: 2015-05-07T13:04:39.228932
ALTER TABLE t_onix_additionals ADD f_vorbestelldatum DATE;
success!
timestamp: 2015-05-07T13:04:39.381883
ALTER TABLE t_onix_additionals ADD f_belletristik VARCHAR(512);
success!
timestamp: 2015-05-07T13:04:39.531405
ALTER TABLE t_onix_additionals ADD f_verlags_bestell_nr VARCHAR(512);
success!
timestamp: 2015-05-07T13:04:39.678704
ALTER TABLE t_onix_additionals ADD omp_series VARCHAR(512);
success!
timestamp: 2015-05-07T13:04:39.827425
ALTER TABLE t_onix_additionals ADD f_auflage VARCHAR(512) NOT NULL;
success!
timestamp: 2015-05-07T13:04:39.975514
ALTER TABLE t_onix_additionals ADD f_umfang VARCHAR(512) NOT NULL;
success!
timestamp: 2015-05-07T13:04:40.123944
ALTER TABLE t_onix_additionals ADD f_ladenpreis_euro_de DOUBLE NOT NULL;
success!
timestamp: 2015-05-07T13:04:40.280617
ALTER TABLE t_onix_additionals ADD omp_sub_title VARCHAR(512);
success!
timestamp: 2015-05-07T13:04:40.429012
ALTER TABLE t_onix_additionals ADD f_laufzeit_in_minuten VARCHAR(512);
success!
timestamp: 2015-05-07T13:04:40.578762
ALTER TABLE t_onix_additionals ADD omp_autor VARCHAR(512);
success!
timestamp: 2015-05-07T13:04:40.727197
ALTER TABLE t_onix_additionals ADD omp_product_form VARCHAR(512) NOT NULL;
success!
timestamp: 2015-05-07T13:04:40.919124
ALTER TABLE t_onix_additionals ADD f_number INT;
success!
timestamp: 2015-05-07T13:04:41.067379
ALTER TABLE t_onix_additionals ADD omp_artikel_format VARCHAR(512);
success!
timestamp: 2015-05-07T13:04:41.215810
ALTER TABLE t_onix_additionals ADD f_vorbestellpreis_euro_sfr DOUBLE NOT NULL;
success!
timestamp: 2015-05-07T13:04:41.364224
ALTER TABLE t_onix_additionals ADD f_warengruppe_lt_vlb VARCHAR(512);
success!
timestamp: 2015-05-07T13:04:41.512639
ALTER TABLE t_onix_additionals ADD f_cover_image VARCHAR(512);
success!
timestamp: 2015-05-07T13:04:41.660958
ALTER TABLE t_onix_additionals ADD f_verlagsverkehrsnummer INT;
success!
timestamp: 2015-05-07T13:04:41.809533
ALTER TABLE t_onix_additionals ADD omp_title VARCHAR(512);
success!
timestamp: 2015-05-07T13:04:41.957804
ALTER TABLE t_onix_additionals ADD f_ladenpreis_euro_at DOUBLE NOT NULL;
success!
timestamp: 2015-05-07T13:04:42.106133
ALTER TABLE t_onix_additionals ADD f_ursprungsland VARCHAR(512) NOT NULL;
success!
timestamp: 2015-05-07T13:04:42.257785
ALTER TABLE t_onix_additionals ADD f_weitere_angaben VARCHAR(512);
success!
timestamp: 2015-05-07T13:04:42.411318
ALTER TABLE t_onix_additionals ADD f_mwst DOUBLE NOT NULL;
success!
timestamp: 2015-05-07T13:04:42.615129
ALTER TABLE t_onix_additionals ADD omp_author_biography LONGTEXT;
success!
timestamp: 2015-05-07T13:04:42.768793
ALTER TABLE t_onix_additionals ADD f_leseprobe LONGTEXT;
success!
timestamp: 2015-05-07T13:04:42.921412
ALTER TABLE t_onix_additionals ADD f_medienbeilage VARCHAR(512);
success!
timestamp: 2015-05-07T13:04:43.075191
ALTER TABLE t_onix_additionals ADD f_fsk_or_usk_angabe VARCHAR(512) NOT NULL;
success!
timestamp: 2015-05-07T13:04:43.306737
ALTER TABLE t_onix_additionals ADD f_tracklist VARCHAR(512);
success!
timestamp: 2015-05-07T13:04:43.459160
ALTER TABLE t_onix_additionals ADD f_zusatz_isbn_ean VARCHAR(512);
success!
timestamp: 2015-05-07T13:04:43.639227
ALTER TABLE t_onix_additionals ADD omp_isbn VARCHAR(512) NOT NULL DEFAULT 'in OMP nicht angegeben';
success!
timestamp: 2015-05-07T13:04:43.844511
ALTER TABLE t_onix_additionals ADD f_klappentext VARCHAR(512);
success!
timestamp: 2015-05-07T13:04:44.048309
ALTER TABLE t_onix_additionals ADD omp_publisher VARCHAR(512);
success!
timestamp: 2015-05-07T13:04:44.253091
ALTER TABLE t_onix_additionals ADD omp_amount VARCHAR(512);
success!
timestamp: 2015-05-07T13:04:44.456084
ALTER TABLE t_onix_additionals ADD f_altersempfehlung VARCHAR(512) NOT NULL DEFAULT '';
success!
timestamp: 2015-05-07T13:04:44.661617
ALTER TABLE t_onix_additionals ADD f_produktionsjahr VARCHAR(512);
success!
timestamp: 2015-05-07T13:04:44.865033
ALTER TABLE t_onix_additionals ADD f_warennummer_ztn VARCHAR(512) NOT NULL;
success!
timestamp: 2015-05-07T13:04:45.069042
ALTER TABLE t_onix_additionals ADD f_auslieferungstermin VARCHAR(512) NOT NULL;
success!
timestamp: 2015-05-07T13:04:45.271644
ALTER TABLE t_onix_additionals ADD f_teilband VARCHAR(512);
success!
timestamp: 2015-05-07T13:04:45.420082
ALTER TABLE t_onix_additionals ADD omp_language VARCHAR(512);
success!
timestamp: 2015-05-07T13:04:45.571327
ALTER TABLE t_onix_additionals ADD f_ VARCHAR(512);
success!
timestamp: 2015-05-07T13:04:45.725191
ALTER TABLE t_onix_additionals ADD omp_first_selling_day VARCHAR(512);
success!
timestamp: 2015-05-07T13:04:45.874848
ALTER TABLE t_onix_additionals ADD omp_series_position VARCHAR(512);
success!
timestamp: 2015-05-07T13:04:46.023232
ALTER TABLE t_onix_additionals ADD f_zolltarifnummer_verzeihnis VARCHAR(512) NOT NULL;
success!
timestamp: 2015-05-07T13:04:46.171670
ALTER TABLE t_onix_additionals ADD f_klassifizierung_hochschulschriften VARCHAR(512) NOT NULL;
success!
timestamp: 2015-05-07T13:04:46.320073
ALTER TABLE t_onix_additionals ADD f_vorbestellpreis_euro_at DOUBLE NOT NULL;
success!
timestamp: 2015-05-07T13:04:46.468442
ALTER TABLE t_onix_additionals ADD f_verpackungs_angaben_in_mm VARCHAR(512);
success!
timestamp: 2015-05-07T13:04:46.643539
ALTER TABLE t_onix_additionals ADD f_zusatzinformationen VARCHAR(512);
success!
timestamp: 2015-05-07T13:04:46.791989
ALTER TABLE t_onix_additionals ADD f_warnhinweis VARCHAR(512) NOT NULL;
success!
timestamp: 2015-05-07T13:04:46.973651
ALTER TABLE t_onix_additionals ADD f_weiter_angaben VARCHAR(512);
success!
timestamp: 2015-05-07T13:04:47.122068
ALTER TABLE t_onix_additionals ADD f_abbildungen VARCHAR(512);
success!
timestamp: 2015-05-07T14:43:20.422958
ALTER TABLE t_knv_metadata ADD isbn__tmp INT NOT NULL;
success!
UPDATE t_knv_metadata SET isbn__tmp=isbn;
success!
ALTER TABLE t_knv_metadata DROP COLUMN isbn;
success!
ALTER TABLE t_knv_metadata ADD isbn INT NOT NULL;
success!
UPDATE t_knv_metadata SET isbn=isbn__tmp;
success!
ALTER TABLE t_knv_metadata DROP COLUMN isbn__tmp;
success!
success!
timestamp: 2015-05-12T09:23:07.131900
ALTER TABLE t_onix_additionals ADD omp_contributor_role VARCHAR(512);
timestamp: 2015-05-13T09:15:19.338162
ALTER TABLE t_onix_additionals ADD omp_autor_firstname_surname VARCHAR(512);
timestamp: 2015-05-13T09:15:41.286949
ALTER TABLE t_onix_additionals ADD omp_autor_firstname_surname VARCHAR(512);
timestamp: 2015-05-13T09:15:57.494126
ALTER TABLE t_onix_additionals ADD omp_autor_firstname_surname VARCHAR(512);
timestamp: 2015-05-13T09:16:54.080178
ALTER TABLE t_onix_additionals ADD omp_autor_firstname_surname VARCHAR(512);
timestamp: 2015-05-13T09:16:57.477949
ALTER TABLE t_onix_additionals ADD omp_autor_firstname_surname VARCHAR(512);
timestamp: 2015-05-13T09:17:16.996983
ALTER TABLE t_onix_additionals ADD omp_autor_firstname_surname VARCHAR(512);
timestamp: 2015-05-13T09:17:36.833094
ALTER TABLE t_onix_additionals ADD omp_autor_firstname_surname VARCHAR(512);
timestamp: 2015-05-13T09:17:51.535990
ALTER TABLE t_onix_additionals ADD omp_autor_firstname_surname LONGTEXT;
success!
timestamp: 2015-05-13T09:17:51.777466
ALTER TABLE t_onix_additionals ADD omp_autor_surname VARCHAR(512);
timestamp: 2015-05-13T09:17:52.382340
ALTER TABLE t_onix_additionals ADD omp_autor_surname VARCHAR(512);
timestamp: 2015-05-13T09:17:57.492123
ALTER TABLE t_onix_additionals ADD omp_autor_surname VARCHAR(512);
timestamp: 2015-05-13T09:18:49.458652
ALTER TABLE t_onix_additionals DROP COLUMN omp_autor_firstname_surname;
success!
timestamp: 2015-05-13T09:18:49.660262
ALTER TABLE t_onix_additionals DROP COLUMN omp_autor;
success!
timestamp: 2015-05-13T09:19:00.996445
ALTER TABLE t_onix_additionals ADD omp_autor_firstname_surname VARCHAR(512);
success!
timestamp: 2015-05-13T09:19:01.202459
ALTER TABLE t_onix_additionals ADD omp_contributor_role VARCHAR(512);
timestamp: 2015-05-13T09:19:12.114201
ALTER TABLE t_onix_additionals ADD omp_autor_surname VARCHAR(512);
timestamp: 2015-05-13T09:19:17.601105
ALTER TABLE t_onix_additionals ADD omp_autor_surname VARCHAR(512);
timestamp: 2015-05-13T09:19:24.921619
ALTER TABLE t_onix_additionals ADD omp_autor_surname VARCHAR(512);
timestamp: 2015-05-13T09:19:26.905310
ALTER TABLE t_onix_additionals ADD omp_autor_surname VARCHAR(512);
timestamp: 2015-05-13T09:19:43.739679
ALTER TABLE t_onix_additionals ADD omp_autor_surname VARCHAR(512);
timestamp: 2015-05-13T09:19:57.483995
ALTER TABLE t_onix_additionals ADD omp_contributor_role VARCHAR(512);
timestamp: 2015-05-13T09:19:58.872438
ALTER TABLE t_onix_additionals ADD omp_contributor_role VARCHAR(512);
timestamp: 2015-05-13T09:20:09.561586
ALTER TABLE t_onix_additionals DROP COLUMN omp_autor_firstname_surname;
success!
timestamp: 2015-05-13T09:20:42.596695
ALTER TABLE t_onix_additionals ADD omp_autor_surname VARCHAR(512);
success!
timestamp: 2015-05-13T09:20:42.846511
ALTER TABLE t_onix_additionals ADD omp_autor_country VARCHAR(512);
timestamp: 2015-05-13T09:20:56.561893
ALTER TABLE t_onix_additionals ADD omp_autor_country VARCHAR(512);
timestamp: 2015-05-13T09:20:57.486312
ALTER TABLE t_onix_additionals ADD omp_autor_country VARCHAR(512);
timestamp: 2015-05-13T09:21:02.141812
ALTER TABLE t_onix_additionals DROP COLUMN omp_autor_surname;
success!
timestamp: 2015-05-13T09:21:11.019834
ALTER TABLE t_onix_additionals ADD omp_autor_firstname_surname VARCHAR(512);
success!
timestamp: 2015-05-13T09:21:11.300279
ALTER TABLE t_onix_additionals ADD omp_autor_surname VARCHAR(512);
timestamp: 2015-05-13T09:21:30.464393
ALTER TABLE t_onix_additionals ADD omp_biography LONGTEXT;
success!
timestamp: 2015-05-13T09:21:30.810317
ALTER TABLE t_onix_additionals DROP COLUMN omp_autor_firstname_surname;
success!
timestamp: 2015-05-13T09:21:36.652646
ALTER TABLE t_onix_additionals ADD omp_autor_surname_firstname VARCHAR(512);
success!
success!
timestamp: 2015-05-13T09:26:57.507309
ALTER TABLE t_onix_additionals DROP COLUMN omp_biography;
success!
timestamp: 2015-05-13T10:56:57.482830
ALTER TABLE t_onix_additionals ADD f_sender_datum DATE;
success!
success!
timestamp: 2015-05-13T10:57:08.947536
ALTER TABLE t_onix_additionals ADD f_sende_datum DATE;
success!
timestamp: 2015-05-13T10:57:09.188301
ALTER TABLE t_onix_additionals DROP COLUMN f_sender_datum;
success!
timestamp: 2015-06-03T14:14:00.873090
CREATE TABLE auth_user(
    id INT AUTO_INCREMENT NOT NULL,
    first_name VARCHAR(128),
    last_name VARCHAR(128),
    email VARCHAR(512),
    password VARCHAR(512),
    registration_key VARCHAR(512),
    reset_password_key VARCHAR(512),
    registration_id VARCHAR(512),
    PRIMARY KEY (id)
) ENGINE=InnoDB CHARACTER SET utf8;
timestamp: 2015-06-03T14:14:03.670552
CREATE TABLE auth_user(
    id INT AUTO_INCREMENT NOT NULL,
    first_name VARCHAR(128),
    last_name VARCHAR(128),
    email VARCHAR(512),
    password VARCHAR(512),
    registration_key VARCHAR(512),
    reset_password_key VARCHAR(512),
    registration_id VARCHAR(512),
    PRIMARY KEY (id)
) ENGINE=InnoDB CHARACTER SET utf8;
timestamp: 2015-06-03T14:15:28.672243
CREATE TABLE t_onix_additionals(
    id INT AUTO_INCREMENT NOT NULL,
    submission_id INT,
    omp_publisher VARCHAR(512),
    omp_isbn VARCHAR(512) NOT NULL DEFAULT 'in OMP nicht angegeben',
    f_verlagsverkehrsnummer INT,
    f_zusatz_isbn_ean VARCHAR(512),
    f_verlags_bestell_nr VARCHAR(512),
    omp_autor_surname_firstname VARCHAR(512),
    f_sende_datum DATE,
    omp_title VARCHAR(512),
    f_medienbeilage VARCHAR(512),
    omp_sub_title VARCHAR(512),
    f_belletristik VARCHAR(512),
    f_weitere_angaben VARCHAR(512),
    f_produktionsjahr VARCHAR(512),
    f_zusatzinformationen VARCHAR(512),
    omp_language VARCHAR(512),
    omp_series VARCHAR(512),
    omp_series_position VARCHAR(512),
    f_teilband VARCHAR(512),
    f_auflage VARCHAR(512) NOT NULL,
    f_laufzeit_in_minuten VARCHAR(512),
    f_umfang VARCHAR(512) NOT NULL,
    f_abbildungen VARCHAR(512),
    omp_artikel_format VARCHAR(512),
    omp_amount VARCHAR(512),
    f_verpackungs_angaben_in_mm VARCHAR(512),
    f_fsk_or_usk_angabe VARCHAR(512) NOT NULL,
    f_altersempfehlung VARCHAR(512) NOT NULL DEFAULT '',
    f_warnhinweis VARCHAR(512) NOT NULL,
    f_warengruppe_lt_vlb VARCHAR(512),
    omp_product_form VARCHAR(512) NOT NULL,
    f_number INT,
    f_weiter_angaben VARCHAR(512),
    f_auslieferungstermin VARCHAR(512) NOT NULL,
    omp_first_selling_day VARCHAR(512),
    f_ladenpreis_euro_de DOUBLE NOT NULL,
    f_ladenpreis_euro_at DOUBLE NOT NULL,
    f_mwst DOUBLE NOT NULL,
    f_vorbestelldatum DATE,
    f_vorbestellpreis_euro_de DOUBLE NOT NULL,
    f_vorbestellpreis_euro_at DOUBLE NOT NULL,
    f_vorbestellpreis_euro_sfr DOUBLE NOT NULL,
    omp_abstract LONGTEXT,
    f_klappentext VARCHAR(512),
    f_content_directory VARCHAR(512),
    f_tracklist VARCHAR(512),
    f_leseprobe LONGTEXT,
    f_ VARCHAR(512),
    omp_author_biography LONGTEXT,
    f_zolltarifnummer_verzeihnis VARCHAR(512) NOT NULL,
    f_warennummer_ztn VARCHAR(512) NOT NULL,
    f_ursprungsland VARCHAR(512) NOT NULL,
    f_cover_image VARCHAR(512),
    f_klassifizierung_hochschulschriften VARCHAR(512) NOT NULL,
    f_mehrbaendiger_werke VARCHAR(512) NOT NULL,
    f_issn VARCHAR(512) NOT NULL,
    PRIMARY KEY (id)
) ENGINE=InnoDB CHARACTER SET utf8;
success!
timestamp: 2015-06-03T14:15:28.825748
CREATE TABLE t_knv_metadata(
    id INT AUTO_INCREMENT NOT NULL,
    submission_id INT,
    isbn INT NOT NULL,
    buchtitel VARCHAR(512),
    anz_teile INT,
    verlagsname VARCHAR(512),
    gln INT,
    bindeart VARCHAR(512),
    anz_rillungen INT,
    kapitalband VARCHAR(512),
    rueckenart VARCHAR(512),
    ansichtsexemplar VARCHAR(512),
    laendercode VARCHAR(512),
    adresszeile1 VARCHAR(512),
    adresszeile2 VARCHAR(512),
    adresszeile3 VARCHAR(512),
    ort VARCHAR(512),
    plz INT,
    strasse_und_nr VARCHAR(512),
    postfach VARCHAR(512),
    speicherung VARCHAR(512),
    dateiname_pdf_cover VARCHAR(512),
    teilnummer INT,
    anzahl_seiten INT,
    druckfarbe VARCHAR(512),
    pruefung_trimbox VARCHAR(512),
    prueftoleranz VARCHAR(512),
    papiertyp VARCHAR(512),
    laminierungsart VARCHAR(512),
    barcode_position VARCHAR(512),
    dateiname_pdf_innerwork_ VARCHAR(512),
    farbraum VARCHAR(512),
    anzahl_farbseiten INT,
    breite_der_trimbox INT,
    hoehe_der_trimbox INT,
    f_papiertyp VARCHAR(512),
    letzte_seite VARCHAR(512),
    PRIMARY KEY (id)
) ENGINE=InnoDB CHARACTER SET utf8;
success!
timestamp: 2015-06-03T14:23:52.354176
CREATE TABLE t_onix_additionals(
    id INT AUTO_INCREMENT NOT NULL,
    submission_id INT,
    omp_publisher VARCHAR(512),
    omp_isbn VARCHAR(512) NOT NULL DEFAULT 'in OMP nicht angegeben',
    f_verlagsverkehrsnummer INT,
    f_zusatz_isbn_ean VARCHAR(512),
    f_verlags_bestell_nr VARCHAR(512),
    omp_autor_surname_firstname VARCHAR(512),
    f_sende_datum DATE,
    omp_title VARCHAR(512),
    f_medienbeilage VARCHAR(512),
    omp_sub_title VARCHAR(512),
    f_belletristik VARCHAR(512),
    f_weitere_angaben VARCHAR(512),
    f_produktionsjahr VARCHAR(512),
    f_zusatzinformationen VARCHAR(512),
    omp_language VARCHAR(512),
    omp_series VARCHAR(512),
    omp_series_position VARCHAR(512),
    f_teilband VARCHAR(512),
    f_auflage VARCHAR(512) NOT NULL,
    f_laufzeit_in_minuten VARCHAR(512),
    f_umfang VARCHAR(512) NOT NULL,
    f_abbildungen VARCHAR(512),
    omp_artikel_format VARCHAR(512),
    omp_amount VARCHAR(512),
    f_verpackungs_angaben_in_mm VARCHAR(512),
    f_fsk_or_usk_angabe VARCHAR(512) NOT NULL,
    f_altersempfehlung VARCHAR(512) NOT NULL DEFAULT '',
    f_warnhinweis VARCHAR(512) NOT NULL,
    f_warengruppe_lt_vlb VARCHAR(512),
    omp_product_form VARCHAR(512) NOT NULL,
    f_number INT,
    f_weiter_angaben VARCHAR(512),
    f_auslieferungstermin VARCHAR(512) NOT NULL,
    omp_first_selling_day VARCHAR(512),
    f_ladenpreis_euro_de DOUBLE NOT NULL,
    f_ladenpreis_euro_at DOUBLE NOT NULL,
    f_mwst DOUBLE NOT NULL,
    f_vorbestelldatum DATE,
    f_vorbestellpreis_euro_de DOUBLE NOT NULL,
    f_vorbestellpreis_euro_at DOUBLE NOT NULL,
    f_vorbestellpreis_euro_sfr DOUBLE NOT NULL,
    omp_abstract LONGTEXT,
    f_klappentext VARCHAR(512),
    f_content_directory VARCHAR(512),
    f_tracklist VARCHAR(512),
    f_leseprobe LONGTEXT,
    f_ VARCHAR(512),
    omp_author_biography LONGTEXT,
    f_zolltarifnummer_verzeihnis VARCHAR(512) NOT NULL,
    f_warennummer_ztn VARCHAR(512) NOT NULL,
    f_ursprungsland VARCHAR(512) NOT NULL,
    f_cover_image VARCHAR(512),
    f_klassifizierung_hochschulschriften VARCHAR(512) NOT NULL,
    f_mehrbaendiger_werke VARCHAR(512) NOT NULL,
    f_issn VARCHAR(512) NOT NULL,
    PRIMARY KEY (id)
) ENGINE=InnoDB CHARACTER SET utf8;
success!
timestamp: 2015-06-03T14:23:52.371864
CREATE TABLE t_knv_metadata(
    id INT AUTO_INCREMENT NOT NULL,
    submission_id INT,
    isbn INT NOT NULL,
    buchtitel VARCHAR(512),
    anz_teile INT,
    verlagsname VARCHAR(512),
    gln INT,
    bindeart VARCHAR(512),
    anz_rillungen INT,
    kapitalband VARCHAR(512),
    rueckenart VARCHAR(512),
    ansichtsexemplar VARCHAR(512),
    laendercode VARCHAR(512),
    adresszeile1 VARCHAR(512),
    adresszeile2 VARCHAR(512),
    adresszeile3 VARCHAR(512),
    ort VARCHAR(512),
    plz INT,
    strasse_und_nr VARCHAR(512),
    postfach VARCHAR(512),
    speicherung VARCHAR(512),
    dateiname_pdf_cover VARCHAR(512),
    teilnummer INT,
    anzahl_seiten INT,
    druckfarbe VARCHAR(512),
    pruefung_trimbox VARCHAR(512),
    prueftoleranz VARCHAR(512),
    papiertyp VARCHAR(512),
    laminierungsart VARCHAR(512),
    barcode_position VARCHAR(512),
    dateiname_pdf_innerwork_ VARCHAR(512),
    farbraum VARCHAR(512),
    anzahl_farbseiten INT,
    breite_der_trimbox INT,
    hoehe_der_trimbox INT,
    f_papiertyp VARCHAR(512),
    letzte_seite VARCHAR(512),
    PRIMARY KEY (id)
) ENGINE=InnoDB CHARACTER SET utf8;
success!
